<?xml version="1.0" encoding="UTF-8"?>
<!-- Generated by org.testng.reporters.JUnitXMLReporter -->
<testsuite ignored="0" hostname="DESKTOP-089LBSM" failures="0" tests="3" name="Default test" time="53.238" errors="0" timestamp="2023-07-21T12:07:20 IST">
  <testcase classname="vtiger.OrganizationTests.CreateOrganizationTest" name="createOrganizationTest" time="19.677"/>
  <testcase classname="vtiger.OrganizationTests.CreateOrganizationTest" name="demoScript" time="0.002"/>
  <testcase classname="vtiger.OrganizationTests.CreateOrganizationTest" name="regional" time="0.004"/>
</testsuite> <!-- Default test -->
