<?xml version="1.0" encoding="UTF-8"?>
<!-- Generated by org.testng.reporters.JUnitXMLReporter -->
<testsuite ignored="2" hostname="TYSS-Chaithra" failures="0" tests="1" name="Test" time="16.206" errors="0" timestamp="2023-03-29T13:14:05 IST">
  <testcase classname="vtiger.GenericUtilities.BaseClass" name="@AfterMethod amConfig" time="3.03">
    <failure type="org.openqa.selenium.WebDriverException" message="TypeError: browsingContext.currentWindowGlobal is null
Build info: version: &amp;apos;4.4.0&amp;apos;, revision: &amp;apos;e5c75ed026a&amp;apos;
System info: host: &amp;apos;TYSS-CHAITHRA&amp;apos;, ip: &amp;apos;192.168.1.100&amp;apos;, os.name: &amp;apos;Windows 10&amp;apos;, os.arch: &amp;apos;amd64&amp;apos;, os.version: &amp;apos;10.0&amp;apos;, java.version: &amp;apos;11.0.12&amp;apos;
Driver info: org.openqa.selenium.firefox.FirefoxDriver
Command: [56a4fd1e-7970-49b9-833f-999682c37462, findElement {using=link text, value=Sign Out}]
Capabilities {acceptInsecureCerts: true, browserName: firefox, browserVersion: 111.0.1, moz:accessibilityChecks: false, moz:buildID: 20230321111920, moz:debuggerAddress: 127.0.0.1:63400, moz:geckodriverVersion: 0.31.0, moz:headless: false, moz:platformVersion: 10.0, moz:processID: 8328, moz:profile: C:\Users\CHAITH~1\AppData\L..., moz:shutdownTimeout: 60000, moz:useNonSpecCompliantPointerOrigin: false, moz:webdriverClick: true, moz:windowless: false, pageLoadStrategy: normal, platformName: WINDOWS, proxy: Proxy(), se:cdp: ws://127.0.0.1:63400/devtoo..., se:cdpVersion: 85.0, setWindowRect: true, strictFileInteractability: false, timeouts: {implicit: 0, pageLoad: 300000, script: 30000}, unhandledPromptBehavior: dismiss and notify}
Session ID: 56a4fd1e-7970-49b9-833f-999682c37462">
      <![CDATA[org.openqa.selenium.WebDriverException: TypeError: browsingContext.currentWindowGlobal is null
Build info: version: '4.4.0', revision: 'e5c75ed026a'
System info: host: 'TYSS-CHAITHRA', ip: '192.168.1.100', os.name: 'Windows 10', os.arch: 'amd64', os.version: '10.0', java.version: '11.0.12'
Driver info: org.openqa.selenium.firefox.FirefoxDriver
Command: [56a4fd1e-7970-49b9-833f-999682c37462, findElement {using=link text, value=Sign Out}]
Capabilities {acceptInsecureCerts: true, browserName: firefox, browserVersion: 111.0.1, moz:accessibilityChecks: false, moz:buildID: 20230321111920, moz:debuggerAddress: 127.0.0.1:63400, moz:geckodriverVersion: 0.31.0, moz:headless: false, moz:platformVersion: 10.0, moz:processID: 8328, moz:profile: C:\Users\CHAITH~1\AppData\L..., moz:shutdownTimeout: 60000, moz:useNonSpecCompliantPointerOrigin: false, moz:webdriverClick: true, moz:windowless: false, pageLoadStrategy: normal, platformName: WINDOWS, proxy: Proxy(), se:cdp: ws://127.0.0.1:63400/devtoo..., se:cdpVersion: 85.0, setWindowRect: true, strictFileInteractability: false, timeouts: {implicit: 0, pageLoad: 300000, script: 30000}, unhandledPromptBehavior: dismiss and notify}
Session ID: 56a4fd1e-7970-49b9-833f-999682c37462
at org.openqa.selenium.remote.codec.w3c.W3CHttpResponseCodec.createException(W3CHttpResponseCodec.java:200)
at org.openqa.selenium.remote.codec.w3c.W3CHttpResponseCodec.decode(W3CHttpResponseCodec.java:133)
at org.openqa.selenium.remote.codec.w3c.W3CHttpResponseCodec.decode(W3CHttpResponseCodec.java:53)
at org.openqa.selenium.remote.HttpCommandExecutor.execute(HttpCommandExecutor.java:184)
at org.openqa.selenium.remote.service.DriverCommandExecutor.invokeExecute(DriverCommandExecutor.java:167)
at org.openqa.selenium.remote.service.DriverCommandExecutor.execute(DriverCommandExecutor.java:142)
at org.openqa.selenium.remote.RemoteWebDriver.execute(RemoteWebDriver.java:547)
at org.openqa.selenium.remote.ElementLocation$ElementFinder$2.findElement(ElementLocation.java:162)
at org.openqa.selenium.remote.ElementLocation.findElement(ElementLocation.java:60)
at org.openqa.selenium.remote.RemoteWebDriver.findElement(RemoteWebDriver.java:365)
at org.openqa.selenium.remote.RemoteWebDriver.findElement(RemoteWebDriver.java:357)
at org.openqa.selenium.support.pagefactory.DefaultElementLocator.findElement(DefaultElementLocator.java:70)
at org.openqa.selenium.support.pagefactory.internal.LocatingElementHandler.invoke(LocatingElementHandler.java:39)
at com.sun.proxy.$Proxy24.click(Unknown Source)
at vtiger.ObjectRepository.HomePage.logoutOfApp(HomePage.java:78)
at vtiger.GenericUtilities.BaseClass.amConfig(BaseClass.java:91)
at java.base/java.util.ArrayList.forEach(ArrayList.java:1541)
... Removed 36 stack frames]]>
    </failure>
  </testcase> <!-- @AfterMethod amConfig -->
  <testcase classname="vtiger.GenericUtilities.BaseClass" name="@AfterClass acConfig" time="-1.680075845159E9">
    <skipped/>
  </testcase> <!-- @AfterClass acConfig -->
  <testcase classname="vtiger.OrganizationTests.CreateOrganizationTest" name="regional" time="0.027"/>
  <testcase classname="vtiger.OrganizationTests.CreateOrganizationTest" name="demoScript" time="0.0">
    <ignored/>
  </testcase> <!-- demoScript -->
  <testcase classname="vtiger.OrganizationTests.CreateOrganizationTest" name="createOrganizationTest" time="0.0">
    <ignored/>
  </testcase> <!-- createOrganizationTest -->
</testsuite> <!-- Test -->
