<?xml version="1.0" encoding="UTF-8"?>
<!-- Generated by org.testng.reporters.JUnitXMLReporter -->
<testsuite ignored="1" hostname="TYSS-Chaithra" failures="0" tests="2" name="Test" time="0.38" errors="0" timestamp="2023-03-20T13:40:32 IST">
  <testcase classname="vtiger.OrganizationTests.CreateOrganizationTest" name="demoScript" time="0.012"/>
  <testcase classname="vtiger.OrganizationTests.CreateOrganizationTest" name="regional" time="0.002"/>
  <testcase classname="vtiger.OrganizationTests.CreateOrganizationTest" name="createOrganizationTest" time="0.0">
    <ignored/>
  </testcase> <!-- createOrganizationTest -->
</testsuite> <!-- Test -->
