<?xml version="1.0" encoding="UTF-8"?>
<testng-results ignored="0" total="3" passed="3" failed="0" skipped="0">
  <reporter-output>
  </reporter-output>
  <suite started-at="2023-07-21T12:06:27 IST" name="Default suite" finished-at="2023-07-21T12:07:20 IST" duration-ms="53238">
    <groups>
      <group name="RegressionSuite">
        <method signature="CreateOrganizationTest.demoScript()[pri:0, instance:vtiger.OrganizationTests.CreateOrganizationTest@8f4ea7c]" name="demoScript" class="vtiger.OrganizationTests.CreateOrganizationTest"/>
      </group> <!-- RegressionSuite -->
      <group name="SmokeSuite">
        <method signature="CreateOrganizationTest.createOrganizationTest()[pri:0, instance:vtiger.OrganizationTests.CreateOrganizationTest@8f4ea7c]" name="createOrganizationTest" class="vtiger.OrganizationTests.CreateOrganizationTest"/>
      </group> <!-- SmokeSuite -->
    </groups>
    <test started-at="2023-07-21T12:06:27 IST" name="Default test" finished-at="2023-07-21T12:07:20 IST" duration-ms="53238">
      <class name="vtiger.OrganizationTests.CreateOrganizationTest">
        <test-method is-config="true" signature="bsConfig()[pri:0, instance:vtiger.OrganizationTests.CreateOrganizationTest@8f4ea7c]" started-at="2023-07-21T12:06:27 IST" name="bsConfig" finished-at="2023-07-21T12:06:27 IST" duration-ms="7" status="PASS">
          <reporter-output>
          </reporter-output>
        </test-method> <!-- bsConfig -->
        <test-method is-config="true" signature="bcConfig()[pri:0, instance:vtiger.OrganizationTests.CreateOrganizationTest@8f4ea7c]" started-at="2023-07-21T12:06:27 IST" name="bcConfig" finished-at="2023-07-21T12:06:39 IST" duration-ms="11530" status="PASS">
          <reporter-output>
          </reporter-output>
        </test-method> <!-- bcConfig -->
        <test-method is-config="true" signature="bmConfig()[pri:0, instance:vtiger.OrganizationTests.CreateOrganizationTest@8f4ea7c]" started-at="2023-07-21T12:06:39 IST" name="bmConfig" finished-at="2023-07-21T12:06:44 IST" duration-ms="5401" status="PASS">
          <reporter-output>
          </reporter-output>
        </test-method> <!-- bmConfig -->
        <test-method signature="createOrganizationTest()[pri:0, instance:vtiger.OrganizationTests.CreateOrganizationTest@8f4ea7c]" started-at="2023-07-21T12:06:44 IST" name="createOrganizationTest" finished-at="2023-07-21T12:07:04 IST" duration-ms="19677" status="PASS">
          <reporter-output>
          </reporter-output>
        </test-method> <!-- createOrganizationTest -->
        <test-method is-config="true" signature="amConfig()[pri:0, instance:vtiger.OrganizationTests.CreateOrganizationTest@8f4ea7c]" started-at="2023-07-21T12:07:04 IST" name="amConfig" finished-at="2023-07-21T12:07:06 IST" duration-ms="1746" status="PASS">
          <reporter-output>
          </reporter-output>
        </test-method> <!-- amConfig -->
        <test-method is-config="true" signature="bmConfig()[pri:0, instance:vtiger.OrganizationTests.CreateOrganizationTest@8f4ea7c]" started-at="2023-07-21T12:07:06 IST" name="bmConfig" finished-at="2023-07-21T12:07:08 IST" duration-ms="1714" status="PASS">
          <reporter-output>
          </reporter-output>
        </test-method> <!-- bmConfig -->
        <test-method signature="demoScript()[pri:0, instance:vtiger.OrganizationTests.CreateOrganizationTest@8f4ea7c]" started-at="2023-07-21T12:07:08 IST" name="demoScript" finished-at="2023-07-21T12:07:08 IST" duration-ms="2" status="PASS">
          <reporter-output>
          </reporter-output>
        </test-method> <!-- demoScript -->
        <test-method is-config="true" signature="amConfig()[pri:0, instance:vtiger.OrganizationTests.CreateOrganizationTest@8f4ea7c]" started-at="2023-07-21T12:07:08 IST" name="amConfig" finished-at="2023-07-21T12:07:13 IST" duration-ms="5294" status="PASS">
          <reporter-output>
          </reporter-output>
        </test-method> <!-- amConfig -->
        <test-method is-config="true" signature="bmConfig()[pri:0, instance:vtiger.OrganizationTests.CreateOrganizationTest@8f4ea7c]" started-at="2023-07-21T12:07:13 IST" name="bmConfig" finished-at="2023-07-21T12:07:15 IST" duration-ms="1824" status="PASS">
          <reporter-output>
          </reporter-output>
        </test-method> <!-- bmConfig -->
        <test-method signature="regional()[pri:0, instance:vtiger.OrganizationTests.CreateOrganizationTest@8f4ea7c]" started-at="2023-07-21T12:07:15 IST" name="regional" finished-at="2023-07-21T12:07:15 IST" duration-ms="4" status="PASS">
          <reporter-output>
          </reporter-output>
        </test-method> <!-- regional -->
        <test-method is-config="true" signature="amConfig()[pri:0, instance:vtiger.OrganizationTests.CreateOrganizationTest@8f4ea7c]" started-at="2023-07-21T12:07:15 IST" name="amConfig" finished-at="2023-07-21T12:07:18 IST" duration-ms="3450" status="PASS">
          <reporter-output>
          </reporter-output>
        </test-method> <!-- amConfig -->
        <test-method is-config="true" signature="acConfig()[pri:0, instance:vtiger.OrganizationTests.CreateOrganizationTest@8f4ea7c]" started-at="2023-07-21T12:07:18 IST" name="acConfig" finished-at="2023-07-21T12:07:20 IST" duration-ms="2009" status="PASS">
          <reporter-output>
          </reporter-output>
        </test-method> <!-- acConfig -->
        <test-method is-config="true" signature="asConfig()[pri:0, instance:vtiger.OrganizationTests.CreateOrganizationTest@8f4ea7c]" started-at="2023-07-21T12:07:20 IST" name="asConfig" finished-at="2023-07-21T12:07:20 IST" duration-ms="5" status="PASS">
          <reporter-output>
          </reporter-output>
        </test-method> <!-- asConfig -->
      </class> <!-- vtiger.OrganizationTests.CreateOrganizationTest -->
    </test> <!-- Default test -->
  </suite> <!-- Default suite -->
</testng-results>
